[debug] [2021-10-24T20:40:51.649Z] ----------------------------------------------------------------------
[debug] [2021-10-24T20:40:51.652Z] Command:       C:\Program Files\nodejs\node.exe C:\Users\58414\AppData\Roaming\npm\node_modules\firebase-tools\lib\bin\firebase.js init
[debug] [2021-10-24T20:40:51.653Z] CLI Version:   9.20.0
[debug] [2021-10-24T20:40:51.653Z] Platform:      win32
[debug] [2021-10-24T20:40:51.653Z] Node Version:  v10.16.3
[debug] [2021-10-24T20:40:51.654Z] Time:          Sun Oct 24 2021 16:40:51 GMT-0400 (GMT-04:00)
[debug] [2021-10-24T20:40:51.654Z] ----------------------------------------------------------------------
[debug] 
[debug] [2021-10-24T20:40:51.669Z] > command requires scopes: ["email","openid","https://www.googleapis.com/auth/cloudplatformprojects.readonly","https://www.googleapis.com/auth/firebase","https://www.googleapis.com/auth/cloud-platform"]
[debug] [2021-10-24T20:40:51.670Z] > authorizing via signed-in user (orlydd01@gmail.com)
[info] 
     ######## #### ########  ######## ########     ###     ######  ########
     ##        ##  ##     ## ##       ##     ##  ##   ##  ##       ##
     ######    ##  ########  ######   ########  #########  ######  ######
     ##        ##  ##    ##  ##       ##     ## ##     ##       ## ##
     ##       #### ##     ## ######## ########  ##     ##  ######  ########

You're about to initialize a Firebase project in this directory:

  C:\Users\58414\Documents\ArcGIStry\SIG-UNIMET

[info] 
=== Project Setup
[info] 
[info] First, let's associate this project directory with a Firebase project.
[info] You can create multiple project aliases by running firebase use --add, 
[info] but for now we'll just set up a default project.
[info] 
[debug] [2021-10-24T20:40:58.891Z] >>> [apiv2][query] GET https://firebase.googleapis.com/v1beta1/projects pageSize=100
[debug] [2021-10-24T20:40:59.631Z] <<< [apiv2][status] GET https://firebase.googleapis.com/v1beta1/projects 200
[debug] [2021-10-24T20:40:59.631Z] <<< [apiv2][body] GET https://firebase.googleapis.com/v1beta1/projects [omitted]
[info] i  Using project sigunimet (SIGUNIMET) 
[info] 
=== Hosting Setup
[info] 
[info] Your public directory is the folder (relative to your project directory) that
[info] will contain Hosting assets to be uploaded with firebase deploy. If you
[info] have a build process for your assets, use your build's output directory.
[info] 
[debug] [2021-10-24T20:41:39.585Z] Error: C:\Users\58414\Documents\ArcGIStry\SIG-UNIMET\C:\Users\58414\Documents\ArcGIStry\SIG-UNIMET contains invalid WIN32 path characters.
    at Object.mkdirsSync (C:\Users\58414\AppData\Roaming\npm\node_modules\firebase-tools\node_modules\fs-extra\lib\mkdirs\mkdirs-sync.js:18:22)
    at Object.createFileSync (C:\Users\58414\AppData\Roaming\npm\node_modules\firebase-tools\node_modules\fs-extra\lib\ensure\file.js:40:11)
    at Config.writeProjectFile (C:\Users\58414\AppData\Roaming\npm\node_modules\firebase-tools\lib\config.js:144:12)
    at next.then (C:\Users\58414\AppData\Roaming\npm\node_modules\firebase-tools\lib\config.js:162:22)
    at process._tickCallback (internal/process/next_tick.js:68:7)
[error] 
[error] Error: An unexpected error has occurred.
[debug] [2021-10-24T20:41:51.701Z] ----------------------------------------------------------------------
[debug] [2021-10-24T20:41:51.705Z] Command:       C:\Program Files\nodejs\node.exe C:\Users\58414\AppData\Roaming\npm\node_modules\firebase-tools\lib\bin\firebase.js init
[debug] [2021-10-24T20:41:51.706Z] CLI Version:   9.20.0
[debug] [2021-10-24T20:41:51.706Z] Platform:      win32
[debug] [2021-10-24T20:41:51.706Z] Node Version:  v10.16.3
[debug] [2021-10-24T20:41:51.708Z] Time:          Sun Oct 24 2021 16:41:51 GMT-0400 (GMT-04:00)
[debug] [2021-10-24T20:41:51.708Z] ----------------------------------------------------------------------
[debug] 
[debug] [2021-10-24T20:41:51.723Z] > command requires scopes: ["email","openid","https://www.googleapis.com/auth/cloudplatformprojects.readonly","https://www.googleapis.com/auth/firebase","https://www.googleapis.com/auth/cloud-platform"]
[debug] [2021-10-24T20:41:51.724Z] > authorizing via signed-in user (orlydd01@gmail.com)
[info] 
     ######## #### ########  ######## ########     ###     ######  ########
     ##        ##  ##     ## ##       ##     ##  ##   ##  ##       ##
     ######    ##  ########  ######   ########  #########  ######  ######
     ##        ##  ##    ##  ##       ##     ## ##     ##       ## ##
     ##       #### ##     ## ######## ########  ##     ##  ######  ########

You're about to initialize a Firebase project in this directory:

  C:\Users\58414\Documents\ArcGIStry\SIG-UNIMET

[info] 
=== Project Setup
[info] 
[info] First, let's associate this project directory with a Firebase project.
[info] You can create multiple project aliases by running firebase use --add, 
[info] but for now we'll just set up a default project.
[info] 
[debug] [2021-10-24T20:41:58.357Z] >>> [apiv2][query] GET https://firebase.googleapis.com/v1beta1/projects pageSize=100
[debug] [2021-10-24T20:41:59.080Z] <<< [apiv2][status] GET https://firebase.googleapis.com/v1beta1/projects 200
[debug] [2021-10-24T20:41:59.080Z] <<< [apiv2][body] GET https://firebase.googleapis.com/v1beta1/projects [omitted]
[info] i  Using project sigunimet (SIGUNIMET) 
[info] 
=== Hosting Setup
[info] 
[info] Your public directory is the folder (relative to your project directory) that
[info] will contain Hosting assets to be uploaded with firebase deploy. If you
[info] have a build process for your assets, use your build's output directory.
[info] 
[debug] [2021-10-24T20:42:31.079Z] ----------------------------------------------------------------------
[debug] [2021-10-24T20:42:31.082Z] Command:       C:\Program Files\nodejs\node.exe C:\Users\58414\AppData\Roaming\npm\node_modules\firebase-tools\lib\bin\firebase.js init
[debug] [2021-10-24T20:42:31.083Z] CLI Version:   9.20.0
[debug] [2021-10-24T20:42:31.083Z] Platform:      win32
[debug] [2021-10-24T20:42:31.083Z] Node Version:  v10.16.3
[debug] [2021-10-24T20:42:31.084Z] Time:          Sun Oct 24 2021 16:42:31 GMT-0400 (GMT-04:00)
[debug] [2021-10-24T20:42:31.084Z] ----------------------------------------------------------------------
[debug] 
[debug] [2021-10-24T20:42:31.099Z] > command requires scopes: ["email","openid","https://www.googleapis.com/auth/cloudplatformprojects.readonly","https://www.googleapis.com/auth/firebase","https://www.googleapis.com/auth/cloud-platform"]
[debug] [2021-10-24T20:42:31.100Z] > authorizing via signed-in user (orlydd01@gmail.com)
[info] 
     ######## #### ########  ######## ########     ###     ######  ########
     ##        ##  ##     ## ##       ##     ##  ##   ##  ##       ##
     ######    ##  ########  ######   ########  #########  ######  ######
     ##        ##  ##    ##  ##       ##     ## ##     ##       ## ##
     ##       #### ##     ## ######## ########  ##     ##  ######  ########

You're about to initialize a Firebase project in this directory:

  C:\Users\58414\Documents\ArcGIStry\SIG-UNIMET

[info] 
=== Project Setup
[info] 
[info] First, let's associate this project directory with a Firebase project.
[info] You can create multiple project aliases by running firebase use --add, 
[info] but for now we'll just set up a default project.
[info] 
[debug] [2021-10-24T20:42:38.442Z] >>> [apiv2][query] GET https://firebase.googleapis.com/v1beta1/projects pageSize=100
[debug] [2021-10-24T20:42:59.526Z] Failed to make request to https://firebase.googleapis.com/v1beta1/projects?pageSize=100
[debug] [2021-10-24T20:42:59.531Z] FirebaseError: Failed to make request to https://firebase.googleapis.com/v1beta1/projects?pageSize=100
    at Client.doRequest (C:\Users\58414\AppData\Roaming\npm\node_modules\firebase-tools\lib\apiv2.js:211:19)
    at process._tickCallback (internal/process/next_tick.js:68:7)
[error] 
[error] Error: Failed to list Firebase projects. See firebase-debug.log for more info.
[debug] [2021-10-24T20:43:08.976Z] ----------------------------------------------------------------------
[debug] [2021-10-24T20:43:08.981Z] Command:       C:\Program Files\nodejs\node.exe C:\Users\58414\AppData\Roaming\npm\node_modules\firebase-tools\lib\bin\firebase.js init
[debug] [2021-10-24T20:43:08.982Z] CLI Version:   9.20.0
[debug] [2021-10-24T20:43:08.982Z] Platform:      win32
[debug] [2021-10-24T20:43:08.982Z] Node Version:  v10.16.3
[debug] [2021-10-24T20:43:08.984Z] Time:          Sun Oct 24 2021 16:43:08 GMT-0400 (GMT-04:00)
[debug] [2021-10-24T20:43:08.984Z] ----------------------------------------------------------------------
[debug] 
[debug] [2021-10-24T20:43:09.008Z] > command requires scopes: ["email","openid","https://www.googleapis.com/auth/cloudplatformprojects.readonly","https://www.googleapis.com/auth/firebase","https://www.googleapis.com/auth/cloud-platform"]
[debug] [2021-10-24T20:43:09.009Z] > authorizing via signed-in user (orlydd01@gmail.com)
[info] 
     ######## #### ########  ######## ########     ###     ######  ########
     ##        ##  ##     ## ##       ##     ##  ##   ##  ##       ##
     ######    ##  ########  ######   ########  #########  ######  ######
     ##        ##  ##    ##  ##       ##     ## ##     ##       ## ##
     ##       #### ##     ## ######## ########  ##     ##  ######  ########

You're about to initialize a Firebase project in this directory:

  C:\Users\58414\Documents\ArcGIStry\SIG-UNIMET

[info] 
=== Project Setup
[info] 
[info] First, let's associate this project directory with a Firebase project.
[info] You can create multiple project aliases by running firebase use --add, 
[info] but for now we'll just set up a default project.
[info] 
[debug] [2021-10-24T20:43:15.540Z] >>> [apiv2][query] GET https://firebase.googleapis.com/v1beta1/projects pageSize=100
[debug] [2021-10-24T20:43:16.231Z] <<< [apiv2][status] GET https://firebase.googleapis.com/v1beta1/projects 200
[debug] [2021-10-24T20:43:16.231Z] <<< [apiv2][body] GET https://firebase.googleapis.com/v1beta1/projects [omitted]
[info] i  Using project sigunimet (SIGUNIMET) 
[info] 
=== Hosting Setup
[info] 
[info] Your public directory is the folder (relative to your project directory) that
[info] will contain Hosting assets to be uploaded with firebase deploy. If you
[info] have a build process for your assets, use your build's output directory.
[info] 
[debug] [2021-10-24T20:43:21.965Z] Error: C:\Users\58414\Documents\ArcGIStry\SIG-UNIMET\C:\Users\58414\Documents\ArcGIStry\SIG-UNIMET contains invalid WIN32 path characters.
    at Object.mkdirsSync (C:\Users\58414\AppData\Roaming\npm\node_modules\firebase-tools\node_modules\fs-extra\lib\mkdirs\mkdirs-sync.js:18:22)
    at Object.createFileSync (C:\Users\58414\AppData\Roaming\npm\node_modules\firebase-tools\node_modules\fs-extra\lib\ensure\file.js:40:11)
    at Config.writeProjectFile (C:\Users\58414\AppData\Roaming\npm\node_modules\firebase-tools\lib\config.js:144:12)
    at next.then (C:\Users\58414\AppData\Roaming\npm\node_modules\firebase-tools\lib\config.js:162:22)
    at process._tickCallback (internal/process/next_tick.js:68:7)
[error] 
[error] Error: An unexpected error has occurred.
[debug] [2021-10-24T20:43:30.835Z] ----------------------------------------------------------------------
[debug] [2021-10-24T20:43:30.839Z] Command:       C:\Program Files\nodejs\node.exe C:\Users\58414\AppData\Roaming\npm\node_modules\firebase-tools\lib\bin\firebase.js init
[debug] [2021-10-24T20:43:30.840Z] CLI Version:   9.20.0
[debug] [2021-10-24T20:43:30.840Z] Platform:      win32
[debug] [2021-10-24T20:43:30.840Z] Node Version:  v10.16.3
[debug] [2021-10-24T20:43:30.842Z] Time:          Sun Oct 24 2021 16:43:30 GMT-0400 (GMT-04:00)
[debug] [2021-10-24T20:43:30.842Z] ----------------------------------------------------------------------
[debug] 
[debug] [2021-10-24T20:43:30.865Z] > command requires scopes: ["email","openid","https://www.googleapis.com/auth/cloudplatformprojects.readonly","https://www.googleapis.com/auth/firebase","https://www.googleapis.com/auth/cloud-platform"]
[debug] [2021-10-24T20:43:30.866Z] > authorizing via signed-in user (orlydd01@gmail.com)
[info] 
     ######## #### ########  ######## ########     ###     ######  ########
     ##        ##  ##     ## ##       ##     ##  ##   ##  ##       ##
     ######    ##  ########  ######   ########  #########  ######  ######
     ##        ##  ##    ##  ##       ##     ## ##     ##       ## ##
     ##       #### ##     ## ######## ########  ##     ##  ######  ########

You're about to initialize a Firebase project in this directory:

  C:\Users\58414\Documents\ArcGIStry\SIG-UNIMET

[info] 
=== Project Setup
[info] 
[info] First, let's associate this project directory with a Firebase project.
[info] You can create multiple project aliases by running firebase use --add, 
[info] but for now we'll just set up a default project.
[info] 
[debug] [2021-10-24T20:43:36.443Z] >>> [apiv2][query] GET https://firebase.googleapis.com/v1beta1/projects pageSize=100
[debug] [2021-10-24T20:43:37.365Z] <<< [apiv2][status] GET https://firebase.googleapis.com/v1beta1/projects 200
[debug] [2021-10-24T20:43:37.365Z] <<< [apiv2][body] GET https://firebase.googleapis.com/v1beta1/projects [omitted]
[info] i  Using project sigunimet (SIGUNIMET) 
[info] 
=== Hosting Setup
[info] 
[info] Your public directory is the folder (relative to your project directory) that
[info] will contain Hosting assets to be uploaded with firebase deploy. If you
[info] have a build process for your assets, use your build's output directory.
[info] 
[debug] [2021-10-24T20:43:41.618Z] Error: C:\Users\58414\Documents\ArcGIStry\SIG-UNIMET\C:\Users\58414\Documents\ArcGIStry\SIG-UNIMET contains invalid WIN32 path characters.
    at Object.mkdirsSync (C:\Users\58414\AppData\Roaming\npm\node_modules\firebase-tools\node_modules\fs-extra\lib\mkdirs\mkdirs-sync.js:18:22)
    at Object.createFileSync (C:\Users\58414\AppData\Roaming\npm\node_modules\firebase-tools\node_modules\fs-extra\lib\ensure\file.js:40:11)
    at Config.writeProjectFile (C:\Users\58414\AppData\Roaming\npm\node_modules\firebase-tools\lib\config.js:144:12)
    at next.then (C:\Users\58414\AppData\Roaming\npm\node_modules\firebase-tools\lib\config.js:162:22)
    at process._tickCallback (internal/process/next_tick.js:68:7)
[error] 
[error] Error: An unexpected error has occurred.
[debug] [2021-10-24T20:44:14.003Z] ----------------------------------------------------------------------
[debug] [2021-10-24T20:44:14.007Z] Command:       C:\Program Files\nodejs\node.exe C:\Users\58414\AppData\Roaming\npm\node_modules\firebase-tools\lib\bin\firebase.js init
[debug] [2021-10-24T20:44:14.007Z] CLI Version:   9.20.0
[debug] [2021-10-24T20:44:14.007Z] Platform:      win32
[debug] [2021-10-24T20:44:14.007Z] Node Version:  v10.16.3
[debug] [2021-10-24T20:44:14.009Z] Time:          Sun Oct 24 2021 16:44:14 GMT-0400 (GMT-04:00)
[debug] [2021-10-24T20:44:14.009Z] ----------------------------------------------------------------------
[debug] 
[debug] [2021-10-24T20:44:14.024Z] > command requires scopes: ["email","openid","https://www.googleapis.com/auth/cloudplatformprojects.readonly","https://www.googleapis.com/auth/firebase","https://www.googleapis.com/auth/cloud-platform"]
[debug] [2021-10-24T20:44:14.024Z] > authorizing via signed-in user (orlydd01@gmail.com)
[info] 
     ######## #### ########  ######## ########     ###     ######  ########
     ##        ##  ##     ## ##       ##     ##  ##   ##  ##       ##
     ######    ##  ########  ######   ########  #########  ######  ######
     ##        ##  ##    ##  ##       ##     ## ##     ##       ## ##
     ##       #### ##     ## ######## ########  ##     ##  ######  ########

You're about to initialize a Firebase project in this directory:

  C:\Users\58414\Documents\ArcGIStry\SIG-UNIMET

[info] 
=== Project Setup
[info] 
[info] First, let's associate this project directory with a Firebase project.
[info] You can create multiple project aliases by running firebase use --add, 
[info] but for now we'll just set up a default project.
[info] 
[debug] [2021-10-24T20:44:20.457Z] >>> [apiv2][query] GET https://firebase.googleapis.com/v1beta1/projects pageSize=100
[debug] [2021-10-24T20:44:21.296Z] <<< [apiv2][status] GET https://firebase.googleapis.com/v1beta1/projects 200
[debug] [2021-10-24T20:44:21.297Z] <<< [apiv2][body] GET https://firebase.googleapis.com/v1beta1/projects [omitted]
[info] i  Using project sigunimet (SIGUNIMET) 
[info] 
=== Hosting Setup
[info] 
[info] Your public directory is the folder (relative to your project directory) that
[info] will contain Hosting assets to be uploaded with firebase deploy. If you
[info] have a build process for your assets, use your build's output directory.
[info] 
[debug] [2021-10-24T20:44:26.447Z] Error: C:\Users\58414\Documents\ArcGIStry\SIG-UNIMET\C:\Users\58414\Documents\ArcGIStry\SIG-UNIMET contains invalid WIN32 path characters.
    at Object.mkdirsSync (C:\Users\58414\AppData\Roaming\npm\node_modules\firebase-tools\node_modules\fs-extra\lib\mkdirs\mkdirs-sync.js:18:22)
    at Object.createFileSync (C:\Users\58414\AppData\Roaming\npm\node_modules\firebase-tools\node_modules\fs-extra\lib\ensure\file.js:40:11)
    at Config.writeProjectFile (C:\Users\58414\AppData\Roaming\npm\node_modules\firebase-tools\lib\config.js:144:12)
    at next.then (C:\Users\58414\AppData\Roaming\npm\node_modules\firebase-tools\lib\config.js:162:22)
    at process._tickCallback (internal/process/next_tick.js:68:7)
[error] 
[error] Error: An unexpected error has occurred.
